<?xml version="1.0" encoding="UTF-8"?>
<!-- Generated by org.testng.reporters.JUnitReportReporter -->
<testsuite hostname="Lenovo" failures="0" tests="1" name="suite.TC_011_Linkedin_UI" time="14.258" errors="0" timestamp="2025-02-11T19:58:05 IST" skipped="0">
  <testcase classname="suite.TC_011_Linkedin_UI" name="LinkedIn_UI" time="14.258"/>
</testsuite> <!-- suite.TC_011_Linkedin_UI -->
