<?xml version="1.0" encoding="UTF-8"?>
<!-- Generated by org.testng.reporters.JUnitReportReporter -->
<testsuite hostname="Lenovo" failures="0" tests="1" name="suite.TC_019_LoginButton_UI" time="15.491" errors="0" timestamp="2025-02-11T19:58:05 IST" skipped="0">
  <testcase classname="suite.TC_019_LoginButton_UI" name="LoginButton_UI" time="15.491"/>
</testsuite> <!-- suite.TC_019_LoginButton_UI -->
