<?xml version="1.0" encoding="UTF-8"?>
<!-- Generated by org.testng.reporters.JUnitReportReporter -->
<testsuite hostname="Lenovo" failures="0" tests="1" name="suite.TC_004_LoginWithInvalidCredentials" time="21.853" errors="0" timestamp="2025-02-11T19:58:05 IST" skipped="0">
  <testcase classname="suite.TC_004_LoginWithInvalidCredentials" name="checkLogin1" time="21.853"/>
</testsuite> <!-- suite.TC_004_LoginWithInvalidCredentials -->
