<?xml version="1.0" encoding="UTF-8"?>
<!-- Generated by org.testng.reporters.JUnitReportReporter -->
<testsuite hostname="Lenovo" failures="0" tests="1" name="suite.TC_009_CheckFooterLink_UI" time="16.517" errors="0" timestamp="2025-02-11T19:58:05 IST" skipped="0">
  <testcase classname="suite.TC_009_CheckFooterLink_UI" name="FooterLink_UI" time="16.517"/>
</testsuite> <!-- suite.TC_009_CheckFooterLink_UI -->
