<?xml version="1.0" encoding="UTF-8"?>
<!-- Generated by org.testng.reporters.JUnitReportReporter -->
<testsuite hostname="Lenovo" failures="0" tests="1" name="suite.TC_020_LoginWithInvalid_Functional" time="17.057" errors="0" timestamp="2025-02-11T19:58:05 IST" skipped="0">
  <testcase classname="suite.TC_020_LoginWithInvalid_Functional" name="LoginWithInvalid_Functional" time="17.057"/>
</testsuite> <!-- suite.TC_020_LoginWithInvalid_Functional -->
