<?xml version="1.0" encoding="UTF-8"?>
<!-- Generated by org.testng.reporters.JUnitReportReporter -->
<testsuite hostname="Lenovo" failures="0" tests="1" name="suite.TC_007_ForgotPasswordLink_UI" time="12.843" errors="0" timestamp="2025-02-11T19:58:05 IST" skipped="0">
  <testcase classname="suite.TC_007_ForgotPasswordLink_UI" name="ForgotPasswordLink_UI" time="12.843"/>
</testsuite> <!-- suite.TC_007_ForgotPasswordLink_UI -->
