<?xml version="1.0" encoding="UTF-8"?>
<!-- Generated by org.testng.reporters.JUnitReportReporter -->
<testsuite hostname="Lenovo" failures="0" tests="1" name="suite.TC_005_CheckRequireUsername_Error_UI" time="20.716" errors="0" timestamp="2025-02-11T19:58:05 IST" skipped="0">
  <testcase classname="suite.TC_005_CheckRequireUsername_Error_UI" name="checkLogin1" time="20.716"/>
</testsuite> <!-- suite.TC_005_CheckRequireUsername_Error_UI -->
