<?xml version="1.0" encoding="UTF-8"?>
<!-- Generated by org.testng.reporters.JUnitReportReporter -->
<testsuite hostname="Lenovo" failures="0" tests="1" name="suite.TC_006_CheckRequiredPassword_Error_UI" time="24.138" errors="0" timestamp="2025-02-11T19:58:05 IST" skipped="0">
  <testcase classname="suite.TC_006_CheckRequiredPassword_Error_UI" name="checkLogin2" time="24.138"/>
</testsuite> <!-- suite.TC_006_CheckRequiredPassword_Error_UI -->
